0 info it worked if it ends with ok
1 verbose cli [ 'node', '/usr/local/bin/npm', 'install', 'bump', '-g' ]
2 info using npm@1.4.28
3 info using node@v0.10.35
4 verbose cache add [ 'bump', null ]
5 verbose cache add name=undefined spec="bump" args=["bump",null]
6 verbose parsed url { protocol: null,
6 verbose parsed url   slashes: null,
6 verbose parsed url   auth: null,
6 verbose parsed url   host: null,
6 verbose parsed url   port: null,
6 verbose parsed url   hostname: null,
6 verbose parsed url   hash: null,
6 verbose parsed url   search: null,
6 verbose parsed url   query: null,
6 verbose parsed url   pathname: 'bump',
6 verbose parsed url   path: 'bump',
6 verbose parsed url   href: 'bump' }
7 silly lockFile ca067828-bump bump
8 verbose lock bump /Users/ricardorauch/.npm/ca067828-bump.lock
9 silly lockFile ca067828-bump bump
10 silly lockFile ca067828-bump bump
11 verbose addNamed [ 'bump', '' ]
12 verbose addNamed [ null, '*' ]
13 silly lockFile 3c6cd98e-bump bump@
14 verbose lock bump@ /Users/ricardorauch/.npm/3c6cd98e-bump.lock
15 silly addNameRange { name: 'bump', range: '*', hasData: false }
16 verbose request where is /bump
17 verbose request registry https://registry.npmjs.org/
18 verbose request id 0548a0a9f95a6a7a
19 verbose url raw /bump
20 verbose url resolving [ 'https://registry.npmjs.org/', './bump' ]
21 verbose url resolved https://registry.npmjs.org/bump
22 verbose request where is https://registry.npmjs.org/bump
23 info trying registry request attempt 1 at 18:12:13
24 http GET https://registry.npmjs.org/bump
25 http 200 https://registry.npmjs.org/bump
26 silly registry.get cb [ 200,
26 silly registry.get   { date: 'Wed, 04 Feb 2015 21:12:14 GMT',
26 silly registry.get     server: 'CouchDB/1.5.0 (Erlang OTP/R16B03)',
26 silly registry.get     etag: '"86BTMLP25XPIHO2FJJKVOBUVG"',
26 silly registry.get     'content-type': 'application/json',
26 silly registry.get     'cache-control': 'max-age=60',
26 silly registry.get     'content-length': '3579',
26 silly registry.get     'accept-ranges': 'bytes',
26 silly registry.get     via: '1.1 varnish',
26 silly registry.get     age: '0',
26 silly registry.get     'x-served-by': 'cache-atl6229-ATL',
26 silly registry.get     'x-cache': 'MISS',
26 silly registry.get     'x-cache-hits': '0',
26 silly registry.get     'x-timer': 'S1423084334.229528,VS0,VE77',
26 silly registry.get     vary: 'Accept',
26 silly registry.get     'keep-alive': 'timeout=10, max=50',
26 silly registry.get     connection: 'Keep-Alive' } ]
27 silly addNameRange number 2 { name: 'bump', range: '*', hasData: true }
28 silly addNameRange versions [ 'bump', [ '0.0.1', '0.2.3', '0.2.5' ] ]
29 verbose addNamed [ 'bump', '0.2.5' ]
30 verbose addNamed [ '0.2.5', '0.2.5' ]
31 silly lockFile 486ece3b-bump-0-2-5 bump@0.2.5
32 verbose lock bump@0.2.5 /Users/ricardorauch/.npm/486ece3b-bump-0-2-5.lock
33 silly lockFile 3fed57de-ry-npmjs-org-bump-bump-0-2-5-tgz https://registry.npmjs.org/bump/-/bump-0.2.5.tgz
34 verbose lock https://registry.npmjs.org/bump/-/bump-0.2.5.tgz /Users/ricardorauch/.npm/3fed57de-ry-npmjs-org-bump-bump-0-2-5-tgz.lock
35 verbose addRemoteTarball [ 'https://registry.npmjs.org/bump/-/bump-0.2.5.tgz',
35 verbose addRemoteTarball   '16d5567b75e77ea6597a805c10294c578495b47b' ]
36 info retry fetch attempt 1 at 18:12:14
37 verbose fetch to= /var/folders/_l/d_3pfc_169n9_l70d0qrh_zw0000gn/T/npm-4038-F5S-jZzQ/registry.npmjs.org/bump/-/bump-0.2.5.tgz
38 http GET https://registry.npmjs.org/bump/-/bump-0.2.5.tgz
39 http 200 https://registry.npmjs.org/bump/-/bump-0.2.5.tgz
40 silly lockFile 3fed57de-ry-npmjs-org-bump-bump-0-2-5-tgz https://registry.npmjs.org/bump/-/bump-0.2.5.tgz
41 silly lockFile 3fed57de-ry-npmjs-org-bump-bump-0-2-5-tgz https://registry.npmjs.org/bump/-/bump-0.2.5.tgz
42 silly lockFile 486ece3b-bump-0-2-5 bump@0.2.5
43 silly lockFile 486ece3b-bump-0-2-5 bump@0.2.5
44 silly lockFile 3c6cd98e-bump bump@
45 silly lockFile 3c6cd98e-bump bump@
46 silly resolved [ { author:
46 silly resolved      { name: 'Kilian Ciuffolo',
46 silly resolved        email: 'kilian.ciuffolo@gmail.org',
46 silly resolved        url: 'http://nailik.org' },
46 silly resolved     name: 'bump',
46 silly resolved     main: './bump',
46 silly resolved     bin: { bump: './bump.js' },
46 silly resolved     version: '0.2.5',
46 silly resolved     repository: { type: 'git', url: 'git://github.com/kilianc/node-bump.git' },
46 silly resolved     contributors: [ [Object] ],
46 silly resolved     description: '[![Build Status](https://secure.travis-ci.org/kilianc/node-bump.png)](https://travis-ci.org/kilianc/node-bump)',
46 silly resolved     bugs: { url: 'https://github.com/kilianc/node-bump/issues' },
46 silly resolved     homepage: 'https://github.com/kilianc/node-bump',
46 silly resolved     _id: 'bump@0.2.5',
46 silly resolved     dist:
46 silly resolved      { shasum: '16d5567b75e77ea6597a805c10294c578495b47b',
46 silly resolved        tarball: 'http://registry.npmjs.org/bump/-/bump-0.2.5.tgz' },
46 silly resolved     _from: 'bump@',
46 silly resolved     _npmVersion: '1.4.3',
46 silly resolved     _npmUser: { name: 'kilianc', email: 'me@nailik.org' },
46 silly resolved     maintainers: [ [Object] ],
46 silly resolved     directories: {},
46 silly resolved     _shasum: '16d5567b75e77ea6597a805c10294c578495b47b',
46 silly resolved     _resolved: 'https://registry.npmjs.org/bump/-/bump-0.2.5.tgz' } ]
47 info install bump@0.2.5 into /usr/local/lib
48 info installOne bump@0.2.5
49 verbose lib/node_modules/bump unbuild
50 verbose tar unpack /Users/ricardorauch/.npm/bump/0.2.5/package.tgz
51 silly lockFile e48ca699--usr-local-lib-node-modules-bump tar:///usr/local/lib/node_modules/bump
52 verbose lock tar:///usr/local/lib/node_modules/bump /Users/ricardorauch/.npm/e48ca699--usr-local-lib-node-modules-bump.lock
53 silly lockFile 7bb3b6a4-rauch-npm-bump-0-2-5-package-tgz tar:///Users/ricardorauch/.npm/bump/0.2.5/package.tgz
54 verbose lock tar:///Users/ricardorauch/.npm/bump/0.2.5/package.tgz /Users/ricardorauch/.npm/7bb3b6a4-rauch-npm-bump-0-2-5-package-tgz.lock
55 silly gunzTarPerm modes [ '755', '644' ]
56 error Error: EACCES, mkdir '/usr/local/lib/node_modules/bump'
56 error  { [Error: EACCES, mkdir '/usr/local/lib/node_modules/bump']
56 error   errno: 3,
56 error   code: 'EACCES',
56 error   path: '/usr/local/lib/node_modules/bump',
56 error   fstream_type: 'Directory',
56 error   fstream_path: '/usr/local/lib/node_modules/bump',
56 error   fstream_class: 'DirWriter',
56 error   fstream_stack:
56 error    [ '/usr/local/lib/node_modules/npm/node_modules/fstream/lib/dir-writer.js:36:23',
56 error      '/usr/local/lib/node_modules/npm/node_modules/mkdirp/index.js:46:53',
56 error      'Object.oncomplete (fs.js:108:15)' ] }
57 error Please try running this command again as root/Administrator.
58 error System Darwin 14.1.0
59 error command "node" "/usr/local/bin/npm" "install" "bump" "-g"
60 error cwd /Users/ricardorauch/Sites/auth0-styleguide
61 error node -v v0.10.35
62 error npm -v 1.4.28
63 error path /usr/local/lib/node_modules/bump
64 error fstream_path /usr/local/lib/node_modules/bump
65 error fstream_type Directory
66 error fstream_class DirWriter
67 error code EACCES
68 error errno 3
69 error stack Error: EACCES, mkdir '/usr/local/lib/node_modules/bump'
70 error fstream_stack /usr/local/lib/node_modules/npm/node_modules/fstream/lib/dir-writer.js:36:23
70 error fstream_stack /usr/local/lib/node_modules/npm/node_modules/mkdirp/index.js:46:53
70 error fstream_stack Object.oncomplete (fs.js:108:15)
71 verbose exit [ 3, true ]
